<?xml version="1.0" encoding="UTF-8"?>
<!-- Generated by org.testng.reporters.JUnitReportReporter -->
<testsuite hostname="DESKTOP-957OH7M" failures="0" tests="3" name="test.Day1" time="0.021" errors="0" timestamp="2025-02-20T15:55:03 IST" skipped="0">
  <testcase classname="test.Day1" name="LoginAPICarloan" time="0.019"/>
  <system-out/>
  <testcase classname="test.Day1" name="WebloginCarloan" time="0.001"/>
  <system-out/>
  <testcase classname="test.Day1" name="MobileloginCarloan" time="0.001"/>
  <system-out/>
</testsuite> <!-- test.Day1 -->
