<?xml version="1.0" encoding="UTF-8"?>
<!-- Generated by org.testng.reporters.JUnitReportReporter -->
<testsuite hostname="DESKTOP-957OH7M" failures="0" tests="2" name="test.Day4" time="0.005" errors="0" timestamp="2025-02-20T11:52:29 IST" skipped="0">
  <testcase classname="test.Day4" name="WebloginHomeloan" time="0.002"/>
  <system-out/>
  <testcase classname="test.Day4" name="LoginAPIHomeloan" time="0.003"/>
  <system-out/>
</testsuite> <!-- test.Day4 -->
