<?xml version="1.0" encoding="UTF-8"?>
<!-- Generated by org.testng.reporters.JUnitReportReporter -->
<testsuite hostname="DESKTOP-957OH7M" failures="0" tests="1" name="test.TestNGDay2" time="0.001" errors="0" timestamp="2025-02-20T11:11:16 IST" skipped="0">
  <testcase classname="test.TestNGDay2" name="demo3" time="0.001"/>
  <system-out/>
</testsuite> <!-- test.TestNGDay2 -->
