<?xml version="1.0" encoding="UTF-8"?>
<!-- Generated by org.testng.reporters.JUnitReportReporter -->
<testsuite hostname="DESKTOP-957OH7M" failures="0" tests="1" name="test.PS1" time="0.032" errors="0" timestamp="2025-02-20T16:28:31 IST" skipped="0">
  <testcase classname="test.PS1" name="testRun" time="0.032"/>
  <system-out/>
</testsuite> <!-- test.PS1 -->
