<?xml version="1.0" encoding="UTF-8"?>
<!-- Generated by org.testng.reporters.JUnitReportReporter -->
<testsuite hostname="DESKTOP-957OH7M" failures="0" tests="2" name="test.TestNGTutorial" time="0.019" errors="0" timestamp="2025-02-20T11:11:16 IST" skipped="0">
  <testcase classname="test.TestNGTutorial" name="Demo1" time="0.002"/>
  <system-out/>
  <testcase classname="test.TestNGTutorial" name="Demo" time="0.017"/>
  <system-out/>
</testsuite> <!-- test.TestNGTutorial -->
